D:\HOMEWORK\2013-2014\SPRING 2014\CSCE315\GMACHVMNTS\GMACHVMNTS\DEBUG\COMMNDS.OBJ
D:\HOMEWORK\2013-2014\SPRING 2014\CSCE315\GMACHVMNTS\GMACHVMNTS\DEBUG\MAIN.OBJ
D:\HOMEWORK\2013-2014\SPRING 2014\CSCE315\GMACHVMNTS\GMACHVMNTS\DEBUG\VC110.PDB
D:\HOMEWORK\2013-2014\SPRING 2014\CSCE315\GMACHVMNTS\GMACHVMNTS\DEBUG\COMMANDS.OBJ
D:\Homework\2013-2014\Spring 2014\CSCE315\GmAchvmnts\GmAchvmnts\Debug\Commands.obj
D:\Homework\2013-2014\Spring 2014\CSCE315\GmAchvmnts\GmAchvmnts\Debug\Commnds.obj
D:\Homework\2013-2014\Spring 2014\CSCE315\GmAchvmnts\GmAchvmnts\Debug\main.obj
D:\Homework\2013-2014\Spring 2014\CSCE315\GmAchvmnts\GmAchvmnts\Debug\cl.command.1.tlog
D:\Homework\2013-2014\Spring 2014\CSCE315\GmAchvmnts\GmAchvmnts\Debug\CL.read.1.tlog
D:\Homework\2013-2014\Spring 2014\CSCE315\GmAchvmnts\GmAchvmnts\Debug\CL.write.1.tlog
D:\Homework\2013-2014\Spring 2014\CSCE315\GmAchvmnts\GmAchvmnts\Debug\link-cvtres.read.1.tlog
D:\Homework\2013-2014\Spring 2014\CSCE315\GmAchvmnts\GmAchvmnts\Debug\link-cvtres.write.1.tlog
D:\Homework\2013-2014\Spring 2014\CSCE315\GmAchvmnts\GmAchvmnts\Debug\link-rc.read.1.tlog
D:\Homework\2013-2014\Spring 2014\CSCE315\GmAchvmnts\GmAchvmnts\Debug\link-rc.write.1.tlog
D:\Homework\2013-2014\Spring 2014\CSCE315\GmAchvmnts\GmAchvmnts\Debug\link.108976-cvtres.read.1.tlog
D:\Homework\2013-2014\Spring 2014\CSCE315\GmAchvmnts\GmAchvmnts\Debug\link.108976-cvtres.write.1.tlog
D:\Homework\2013-2014\Spring 2014\CSCE315\GmAchvmnts\GmAchvmnts\Debug\link.108976-rc.read.1.tlog
D:\Homework\2013-2014\Spring 2014\CSCE315\GmAchvmnts\GmAchvmnts\Debug\link.108976-rc.write.1.tlog
D:\Homework\2013-2014\Spring 2014\CSCE315\GmAchvmnts\GmAchvmnts\Debug\link.108976.read.1.tlog
D:\Homework\2013-2014\Spring 2014\CSCE315\GmAchvmnts\GmAchvmnts\Debug\link.108976.write.1.tlog
D:\Homework\2013-2014\Spring 2014\CSCE315\GmAchvmnts\GmAchvmnts\Debug\link.command.1.tlog
D:\Homework\2013-2014\Spring 2014\CSCE315\GmAchvmnts\GmAchvmnts\Debug\link.read.1.tlog
D:\Homework\2013-2014\Spring 2014\CSCE315\GmAchvmnts\GmAchvmnts\Debug\link.write.1.tlog
D:\Homework\2013-2014\Spring 2014\CSCE315\GmAchvmnts\GmAchvmnts\Debug\vc110.idb
D:\Homework\2013-2014\Spring 2014\CSCE315\GmAchvmnts\GmAchvmnts\Debug\vc110.pdb
D:\Homework\2013-2014\Spring 2014\CSCE315\GmAchvmnts\Debug\GmAchvmnts.pdb
