Build started 1/14/2014 2:58:45 PM.
     1>Project "H:\CSCE315\GmAchvmnts\GmAchvmnts\GmAchvmnts.vcxproj" on node 2 (build target(s)).
     1>InitializeBuildStatus:
         Creating "Debug\GmAchvmnts.unsuccessfulbuild" because "AlwaysCreate" was specified.
       ClCompile:
         c:\Program Files (x86)\Microsoft Visual Studio 10.0\VC\bin\CL.exe /c /ZI /nologo /W3 /WX- /Od /Oy- /D WIN32 /D _DEBUG /D _CONSOLE /D _UNICODE /D UNICODE /Gm /EHsc /RTC1 /MDd /GS /fp:precise /Zc:wchar_t /Zc:forScope /Fo"Debug\\" /Fd"Debug\vc100.pdb" /Gd /TP /analyze- /errorReport:prompt main.cpp
         main.cpp
     1>h:\csce315\gmachvmnts\gmachvmnts\main.cpp(7): warning C4101: 'a' : unreferenced local variable
       ManifestResourceCompile:
         All outputs are up-to-date.
       Link:
         c:\Program Files (x86)\Microsoft Visual Studio 10.0\VC\bin\link.exe /ERRORREPORT:PROMPT /OUT:"H:\CSCE315\GmAchvmnts\Debug\GmAchvmnts.exe" /INCREMENTAL /NOLOGO kernel32.lib user32.lib gdi32.lib winspool.lib comdlg32.lib advapi32.lib shell32.lib ole32.lib oleaut32.lib uuid.lib odbc32.lib odbccp32.lib /MANIFEST /ManifestFile:"Debug\GmAchvmnts.exe.intermediate.manifest" /MANIFESTUAC:"level='asInvoker' uiAccess='false'" /DEBUG /PDB:"H:\CSCE315\GmAchvmnts\Debug\GmAchvmnts.pdb" /SUBSYSTEM:CONSOLE /TLBID:1 /DYNAMICBASE /NXCOMPAT /IMPLIB:"H:\CSCE315\GmAchvmnts\Debug\GmAchvmnts.lib" /MACHINE:X86 Debug\GmAchvmnts.exe.embed.manifest.res
         Debug\main.obj
       Manifest:
         C:\Program Files (x86)\Microsoft SDKs\Windows\v7.0A\bin\mt.exe /nologo /verbose /out:"Debug\GmAchvmnts.exe.embed.manifest" /manifest Debug\GmAchvmnts.exe.intermediate.manifest
         All outputs are up-to-date.
       LinkEmbedManifest:
         c:\Program Files (x86)\Microsoft Visual Studio 10.0\VC\bin\link.exe /ERRORREPORT:PROMPT /OUT:"H:\CSCE315\GmAchvmnts\Debug\GmAchvmnts.exe" /INCREMENTAL /NOLOGO kernel32.lib user32.lib gdi32.lib winspool.lib comdlg32.lib advapi32.lib shell32.lib ole32.lib oleaut32.lib uuid.lib odbc32.lib odbccp32.lib /MANIFEST /ManifestFile:"Debug\GmAchvmnts.exe.intermediate.manifest" /MANIFESTUAC:"level='asInvoker' uiAccess='false'" /DEBUG /PDB:"H:\CSCE315\GmAchvmnts\Debug\GmAchvmnts.pdb" /SUBSYSTEM:CONSOLE /TLBID:1 /DYNAMICBASE /NXCOMPAT /IMPLIB:"H:\CSCE315\GmAchvmnts\Debug\GmAchvmnts.lib" /MACHINE:X86 Debug\GmAchvmnts.exe.embed.manifest.res
         Debug\main.obj
         GmAchvmnts.vcxproj -> H:\CSCE315\GmAchvmnts\Debug\GmAchvmnts.exe
       FinalizeBuildStatus:
         Deleting file "Debug\GmAchvmnts.unsuccessfulbuild".
         Touching "Debug\GmAchvmnts.lastbuildstate".
     1>Done Building Project "H:\CSCE315\GmAchvmnts\GmAchvmnts\GmAchvmnts.vcxproj" (build target(s)).

Build succeeded.

Time Elapsed 00:00:04.30
